<?xml version="1.0" encoding="UTF-8"?>
<testng-results ignored="0" total="0" passed="0" failed="0" skipped="0">
  <reporter-output>
  </reporter-output>
  <suite started-at="2020-07-23T23:10:58 PKT" name="Base.BaseTest" finished-at="2020-07-23T23:10:58 PKT" duration-ms="10">
    <groups>
    </groups>
    <test started-at="2020-07-23T23:10:58 PKT" name="Command line test" finished-at="2020-07-23T23:10:58 PKT" duration-ms="10">
    </test> <!-- Command line test -->
  </suite> <!-- Base.BaseTest -->
</testng-results>
